2024-05-08T10:14:23.792+03:00  INFO 5480 --- [TestMaker] [main] c.j.t.testmaker.TestMakerApplication     : Starting TestMakerApplication using Java 21.0.2 with PID 5480 (C:\Users\User\Java kursai\TestMaker\target\classes started by User in C:\Users\User\Java kursai\TestMaker)
2024-05-08T10:14:23.801+03:00  INFO 5480 --- [TestMaker] [main] c.j.t.testmaker.TestMakerApplication     : No active profile set, falling back to 1 default profile: "default"
2024-05-08T10:14:24.396+03:00  INFO 5480 --- [TestMaker] [main] .s.d.r.c.RepositoryConfigurationDelegate : Bootstrapping Spring Data JPA repositories in DEFAULT mode.
2024-05-08T10:14:24.455+03:00  INFO 5480 --- [TestMaker] [main] .s.d.r.c.RepositoryConfigurationDelegate : Finished Spring Data repository scanning in 51 ms. Found 4 JPA repository interfaces.
2024-05-08T10:14:24.870+03:00  INFO 5480 --- [TestMaker] [main] o.s.b.w.embedded.tomcat.TomcatWebServer  : Tomcat initialized with port 8080 (http)
2024-05-08T10:14:24.881+03:00  INFO 5480 --- [TestMaker] [main] o.apache.catalina.core.StandardService   : Starting service [Tomcat]
2024-05-08T10:14:24.881+03:00  INFO 5480 --- [TestMaker] [main] o.apache.catalina.core.StandardEngine    : Starting Servlet engine: [Apache Tomcat/10.1.19]
2024-05-08T10:14:24.928+03:00  INFO 5480 --- [TestMaker] [main] o.a.c.c.C.[Tomcat].[localhost].[/]       : Initializing Spring embedded WebApplicationContext
2024-05-08T10:14:24.929+03:00  INFO 5480 --- [TestMaker] [main] w.s.c.ServletWebServerApplicationContext : Root WebApplicationContext: initialization completed in 1094 ms
2024-05-08T10:14:25.081+03:00  INFO 5480 --- [TestMaker] [main] o.hibernate.jpa.internal.util.LogHelper  : HHH000204: Processing PersistenceUnitInfo [name: default]
2024-05-08T10:14:25.145+03:00  INFO 5480 --- [TestMaker] [main] org.hibernate.Version                    : HHH000412: Hibernate ORM core version 6.4.4.Final
2024-05-08T10:14:25.176+03:00  INFO 5480 --- [TestMaker] [main] o.h.c.internal.RegionFactoryInitiator    : HHH000026: Second-level cache disabled
2024-05-08T10:14:25.408+03:00  INFO 5480 --- [TestMaker] [main] o.s.o.j.p.SpringPersistenceUnitInfo      : No LoadTimeWeaver setup: ignoring JPA class transformer
2024-05-08T10:14:25.429+03:00  INFO 5480 --- [TestMaker] [main] com.zaxxer.hikari.HikariDataSource       : HikariPool-1 - Starting...
2024-05-08T10:14:25.744+03:00  INFO 5480 --- [TestMaker] [main] com.zaxxer.hikari.pool.HikariPool        : HikariPool-1 - Added connection com.mysql.cj.jdbc.ConnectionImpl@3feebf9c
2024-05-08T10:14:25.746+03:00  INFO 5480 --- [TestMaker] [main] com.zaxxer.hikari.HikariDataSource       : HikariPool-1 - Start completed.
2024-05-08T10:14:26.585+03:00  INFO 5480 --- [TestMaker] [main] o.h.e.t.j.p.i.JtaPlatformInitiator       : HHH000489: No JTA platform available (set 'hibernate.transaction.jta.platform' to enable JTA platform integration)
2024-05-08T10:14:26.677+03:00  INFO 5480 --- [TestMaker] [main] j.LocalContainerEntityManagerFactoryBean : Initialized JPA EntityManagerFactory for persistence unit 'default'
2024-05-08T10:14:27.112+03:00  WARN 5480 --- [TestMaker] [main] JpaBaseConfiguration$JpaWebConfiguration : spring.jpa.open-in-view is enabled by default. Therefore, database queries may be performed during view rendering. Explicitly configure spring.jpa.open-in-view to disable this warning
2024-05-08T10:14:27.307+03:00  INFO 5480 --- [TestMaker] [main] o.s.s.web.DefaultSecurityFilterChain     : Will secure any request with [org.springframework.security.web.session.DisableEncodeUrlFilter@6d71f296, org.springframework.security.web.context.request.async.WebAsyncManagerIntegrationFilter@4a15d5f5, org.springframework.security.web.context.SecurityContextHolderFilter@455cb6d9, org.springframework.security.web.header.HeaderWriterFilter@321c01c2, org.springframework.web.filter.CorsFilter@5319efc0, org.springframework.security.web.authentication.logout.LogoutFilter@4f7da3a2, org.springframework.security.web.authentication.www.BasicAuthenticationFilter@518ed9b4, org.springframework.security.web.savedrequest.RequestCacheAwareFilter@5d2bfc9f, org.springframework.security.web.servletapi.SecurityContextHolderAwareRequestFilter@1bd6bfb0, org.springframework.security.web.authentication.AnonymousAuthenticationFilter@549fe529, org.springframework.security.web.session.SessionManagementFilter@6e68ccc9, org.springframework.security.web.access.ExceptionTranslationFilter@5825932c, org.springframework.security.web.access.intercept.AuthorizationFilter@751526a7]
2024-05-08T10:14:27.494+03:00  INFO 5480 --- [TestMaker] [main] o.s.b.w.embedded.tomcat.TomcatWebServer  : Tomcat started on port 8080 (http) with context path ''
2024-05-08T10:14:27.502+03:00  INFO 5480 --- [TestMaker] [main] c.j.t.testmaker.TestMakerApplication     : Started TestMakerApplication in 4.052 seconds (process running for 4.575)
2024-05-08T10:28:08.340+03:00  INFO 5480 --- [TestMaker] [http-nio-8080-exec-1] o.a.c.c.C.[Tomcat].[localhost].[/]       : Initializing Spring DispatcherServlet 'dispatcherServlet'
2024-05-08T10:28:08.340+03:00  INFO 5480 --- [TestMaker] [http-nio-8080-exec-1] o.s.web.servlet.DispatcherServlet        : Initializing Servlet 'dispatcherServlet'
2024-05-08T10:28:08.341+03:00  INFO 5480 --- [TestMaker] [http-nio-8080-exec-1] o.s.web.servlet.DispatcherServlet        : Completed initialization in 1 ms
2024-05-08T10:28:08.438+03:00 DEBUG 5480 --- [TestMaker] [http-nio-8080-exec-1] org.hibernate.SQL                        : select u1_0.id,u1_0.email,u1_0.nickname,u1_0.password,u1_0.role from user u1_0
2024-05-08T10:30:57.852+03:00 DEBUG 5480 --- [TestMaker] [http-nio-8080-exec-3] org.hibernate.SQL                        : select u1_0.id,u1_0.email,u1_0.nickname,u1_0.password,u1_0.role from user u1_0
2024-05-08T10:31:38.178+03:00 DEBUG 5480 --- [TestMaker] [http-nio-8080-exec-4] org.hibernate.SQL                        : select u1_0.id,u1_0.email,u1_0.nickname,u1_0.password,u1_0.role from user u1_0
2024-05-08T10:41:05.867+03:00 DEBUG 5480 --- [TestMaker] [http-nio-8080-exec-6] org.hibernate.SQL                        : select u1_0.id,u1_0.email,u1_0.nickname,u1_0.password,u1_0.role from user u1_0
2024-05-08T10:46:38.112+03:00 DEBUG 5480 --- [TestMaker] [http-nio-8080-exec-8] org.hibernate.SQL                        : select u1_0.id,u1_0.email,u1_0.nickname,u1_0.password,u1_0.role from user u1_0
2024-05-08T10:47:18.578+03:00 DEBUG 5480 --- [TestMaker] [http-nio-8080-exec-9] org.hibernate.SQL                        : select u1_0.id,u1_0.email,u1_0.nickname,u1_0.password,u1_0.role from user u1_0
2024-05-08T10:47:39.085+03:00  INFO 5480 --- [TestMaker] [SpringApplicationShutdownHook] j.LocalContainerEntityManagerFactoryBean : Closing JPA EntityManagerFactory for persistence unit 'default'
2024-05-08T10:47:39.087+03:00  INFO 5480 --- [TestMaker] [SpringApplicationShutdownHook] com.zaxxer.hikari.HikariDataSource       : HikariPool-1 - Shutdown initiated...
2024-05-08T10:47:39.091+03:00  INFO 5480 --- [TestMaker] [SpringApplicationShutdownHook] com.zaxxer.hikari.HikariDataSource       : HikariPool-1 - Shutdown completed.
2024-05-08T10:47:40.671+03:00  INFO 19396 --- [TestMaker] [main] c.j.t.testmaker.TestMakerApplication     : Starting TestMakerApplication using Java 21.0.2 with PID 19396 (C:\Users\User\Java kursai\TestMaker\target\classes started by User in C:\Users\User\Java kursai\TestMaker)
2024-05-08T10:47:40.673+03:00  INFO 19396 --- [TestMaker] [main] c.j.t.testmaker.TestMakerApplication     : No active profile set, falling back to 1 default profile: "default"
2024-05-08T10:47:41.116+03:00  INFO 19396 --- [TestMaker] [main] .s.d.r.c.RepositoryConfigurationDelegate : Bootstrapping Spring Data JPA repositories in DEFAULT mode.
2024-05-08T10:47:41.162+03:00  INFO 19396 --- [TestMaker] [main] .s.d.r.c.RepositoryConfigurationDelegate : Finished Spring Data repository scanning in 41 ms. Found 4 JPA repository interfaces.
2024-05-08T10:47:41.475+03:00  INFO 19396 --- [TestMaker] [main] o.s.b.w.embedded.tomcat.TomcatWebServer  : Tomcat initialized with port 8080 (http)
2024-05-08T10:47:41.482+03:00  INFO 19396 --- [TestMaker] [main] o.apache.catalina.core.StandardService   : Starting service [Tomcat]
2024-05-08T10:47:41.482+03:00  INFO 19396 --- [TestMaker] [main] o.apache.catalina.core.StandardEngine    : Starting Servlet engine: [Apache Tomcat/10.1.19]
2024-05-08T10:47:41.516+03:00  INFO 19396 --- [TestMaker] [main] o.a.c.c.C.[Tomcat].[localhost].[/]       : Initializing Spring embedded WebApplicationContext
2024-05-08T10:47:41.516+03:00  INFO 19396 --- [TestMaker] [main] w.s.c.ServletWebServerApplicationContext : Root WebApplicationContext: initialization completed in 815 ms
2024-05-08T10:47:41.604+03:00  INFO 19396 --- [TestMaker] [main] o.hibernate.jpa.internal.util.LogHelper  : HHH000204: Processing PersistenceUnitInfo [name: default]
2024-05-08T10:47:41.640+03:00  INFO 19396 --- [TestMaker] [main] org.hibernate.Version                    : HHH000412: Hibernate ORM core version 6.4.4.Final
2024-05-08T10:47:41.664+03:00  INFO 19396 --- [TestMaker] [main] o.h.c.internal.RegionFactoryInitiator    : HHH000026: Second-level cache disabled
2024-05-08T10:47:41.813+03:00  INFO 19396 --- [TestMaker] [main] o.s.o.j.p.SpringPersistenceUnitInfo      : No LoadTimeWeaver setup: ignoring JPA class transformer
2024-05-08T10:47:41.829+03:00  INFO 19396 --- [TestMaker] [main] com.zaxxer.hikari.HikariDataSource       : HikariPool-1 - Starting...
2024-05-08T10:47:42.032+03:00  INFO 19396 --- [TestMaker] [main] com.zaxxer.hikari.pool.HikariPool        : HikariPool-1 - Added connection com.mysql.cj.jdbc.ConnectionImpl@55071497
2024-05-08T10:47:42.034+03:00  INFO 19396 --- [TestMaker] [main] com.zaxxer.hikari.HikariDataSource       : HikariPool-1 - Start completed.
2024-05-08T10:47:42.738+03:00  INFO 19396 --- [TestMaker] [main] o.h.e.t.j.p.i.JtaPlatformInitiator       : HHH000489: No JTA platform available (set 'hibernate.transaction.jta.platform' to enable JTA platform integration)
2024-05-08T10:47:42.791+03:00  INFO 19396 --- [TestMaker] [main] j.LocalContainerEntityManagerFactoryBean : Initialized JPA EntityManagerFactory for persistence unit 'default'
2024-05-08T10:47:43.088+03:00  WARN 19396 --- [TestMaker] [main] JpaBaseConfiguration$JpaWebConfiguration : spring.jpa.open-in-view is enabled by default. Therefore, database queries may be performed during view rendering. Explicitly configure spring.jpa.open-in-view to disable this warning
2024-05-08T10:47:43.267+03:00  INFO 19396 --- [TestMaker] [main] o.s.s.web.DefaultSecurityFilterChain     : Will secure any request with [org.springframework.security.web.session.DisableEncodeUrlFilter@1784fcab, org.springframework.security.web.context.request.async.WebAsyncManagerIntegrationFilter@63e4bbf9, org.springframework.security.web.context.SecurityContextHolderFilter@40273969, org.springframework.security.web.header.HeaderWriterFilter@3fe59f84, org.springframework.web.filter.CorsFilter@455cb6d9, org.springframework.security.web.authentication.logout.LogoutFilter@1e9e4468, org.springframework.security.web.authentication.www.BasicAuthenticationFilter@edf4973, org.springframework.security.web.savedrequest.RequestCacheAwareFilter@7da40bf4, org.springframework.security.web.servletapi.SecurityContextHolderAwareRequestFilter@75708130, org.springframework.security.web.authentication.AnonymousAuthenticationFilter@6d7a343f, org.springframework.security.web.session.SessionManagementFilter@533690d, org.springframework.security.web.access.ExceptionTranslationFilter@4df8443f, org.springframework.security.web.access.intercept.AuthorizationFilter@2396dc4e]
2024-05-08T10:47:43.411+03:00  INFO 19396 --- [TestMaker] [main] o.s.b.w.embedded.tomcat.TomcatWebServer  : Tomcat started on port 8080 (http) with context path ''
2024-05-08T10:47:43.417+03:00  INFO 19396 --- [TestMaker] [main] c.j.t.testmaker.TestMakerApplication     : Started TestMakerApplication in 3.024 seconds (process running for 3.459)
2024-05-08T10:48:43.773+03:00  INFO 19396 --- [TestMaker] [http-nio-8080-exec-1] o.a.c.c.C.[Tomcat].[localhost].[/]       : Initializing Spring DispatcherServlet 'dispatcherServlet'
2024-05-08T10:48:43.773+03:00  INFO 19396 --- [TestMaker] [http-nio-8080-exec-1] o.s.web.servlet.DispatcherServlet        : Initializing Servlet 'dispatcherServlet'
2024-05-08T10:48:43.774+03:00  INFO 19396 --- [TestMaker] [http-nio-8080-exec-1] o.s.web.servlet.DispatcherServlet        : Completed initialization in 1 ms
2024-05-08T10:48:43.862+03:00 DEBUG 19396 --- [TestMaker] [http-nio-8080-exec-1] org.hibernate.SQL                        : select u1_0.id,u1_0.email,u1_0.nickname,u1_0.password,u1_0.role from user u1_0
2024-05-08T10:48:52.164+03:00 DEBUG 19396 --- [TestMaker] [http-nio-8080-exec-2] org.hibernate.SQL                        : select u1_0.id,u1_0.email,u1_0.nickname,u1_0.password,u1_0.role from user u1_0
2024-05-08T10:49:17.781+03:00 DEBUG 19396 --- [TestMaker] [http-nio-8080-exec-3] org.hibernate.SQL                        : select u1_0.id,u1_0.email,u1_0.nickname,u1_0.password,u1_0.role from user u1_0
2024-05-08T10:49:20.180+03:00 DEBUG 19396 --- [TestMaker] [http-nio-8080-exec-5] org.hibernate.SQL                        : select u1_0.id,u1_0.email,u1_0.nickname,u1_0.password,u1_0.role from user u1_0
2024-05-08T10:50:12.360+03:00 DEBUG 19396 --- [TestMaker] [http-nio-8080-exec-4] org.hibernate.SQL                        : select u1_0.id,u1_0.email,u1_0.nickname,u1_0.password,u1_0.role from user u1_0
2024-05-08T10:56:01.973+03:00  INFO 19396 --- [TestMaker] [SpringApplicationShutdownHook] j.LocalContainerEntityManagerFactoryBean : Closing JPA EntityManagerFactory for persistence unit 'default'
2024-05-08T10:56:01.975+03:00  INFO 19396 --- [TestMaker] [SpringApplicationShutdownHook] com.zaxxer.hikari.HikariDataSource       : HikariPool-1 - Shutdown initiated...
2024-05-08T10:56:01.980+03:00  INFO 19396 --- [TestMaker] [SpringApplicationShutdownHook] com.zaxxer.hikari.HikariDataSource       : HikariPool-1 - Shutdown completed.
2024-05-08T11:04:29.723+03:00  INFO 8264 --- [TestMaker] [main] c.j.t.testmaker.TestMakerApplication     : Starting TestMakerApplication using Java 21.0.2 with PID 8264 (C:\Users\User\Java kursai\TestMaker\target\classes started by User in C:\Users\User\Java kursai\TestMaker)
2024-05-08T11:04:29.724+03:00  INFO 8264 --- [TestMaker] [main] c.j.t.testmaker.TestMakerApplication     : No active profile set, falling back to 1 default profile: "default"
2024-05-08T11:04:30.287+03:00  INFO 8264 --- [TestMaker] [main] .s.d.r.c.RepositoryConfigurationDelegate : Bootstrapping Spring Data JPA repositories in DEFAULT mode.
2024-05-08T11:04:30.343+03:00  INFO 8264 --- [TestMaker] [main] .s.d.r.c.RepositoryConfigurationDelegate : Finished Spring Data repository scanning in 50 ms. Found 4 JPA repository interfaces.
2024-05-08T11:04:30.709+03:00  INFO 8264 --- [TestMaker] [main] o.s.b.w.embedded.tomcat.TomcatWebServer  : Tomcat initialized with port 8080 (http)
2024-05-08T11:04:30.717+03:00  INFO 8264 --- [TestMaker] [main] o.apache.catalina.core.StandardService   : Starting service [Tomcat]
2024-05-08T11:04:30.717+03:00  INFO 8264 --- [TestMaker] [main] o.apache.catalina.core.StandardEngine    : Starting Servlet engine: [Apache Tomcat/10.1.19]
2024-05-08T11:04:30.758+03:00  INFO 8264 --- [TestMaker] [main] o.a.c.c.C.[Tomcat].[localhost].[/]       : Initializing Spring embedded WebApplicationContext
2024-05-08T11:04:30.759+03:00  INFO 8264 --- [TestMaker] [main] w.s.c.ServletWebServerApplicationContext : Root WebApplicationContext: initialization completed in 1007 ms
2024-05-08T11:04:30.879+03:00  INFO 8264 --- [TestMaker] [main] o.hibernate.jpa.internal.util.LogHelper  : HHH000204: Processing PersistenceUnitInfo [name: default]
2024-05-08T11:04:30.930+03:00  INFO 8264 --- [TestMaker] [main] org.hibernate.Version                    : HHH000412: Hibernate ORM core version 6.4.4.Final
2024-05-08T11:04:30.960+03:00  INFO 8264 --- [TestMaker] [main] o.h.c.internal.RegionFactoryInitiator    : HHH000026: Second-level cache disabled
2024-05-08T11:04:31.131+03:00  INFO 8264 --- [TestMaker] [main] o.s.o.j.p.SpringPersistenceUnitInfo      : No LoadTimeWeaver setup: ignoring JPA class transformer
2024-05-08T11:04:31.148+03:00  INFO 8264 --- [TestMaker] [main] com.zaxxer.hikari.HikariDataSource       : HikariPool-1 - Starting...
2024-05-08T11:04:31.356+03:00  INFO 8264 --- [TestMaker] [main] com.zaxxer.hikari.pool.HikariPool        : HikariPool-1 - Added connection com.mysql.cj.jdbc.ConnectionImpl@53ba7997
2024-05-08T11:04:31.357+03:00  INFO 8264 --- [TestMaker] [main] com.zaxxer.hikari.HikariDataSource       : HikariPool-1 - Start completed.
2024-05-08T11:04:32.062+03:00  INFO 8264 --- [TestMaker] [main] o.h.e.t.j.p.i.JtaPlatformInitiator       : HHH000489: No JTA platform available (set 'hibernate.transaction.jta.platform' to enable JTA platform integration)
2024-05-08T11:04:32.115+03:00  INFO 8264 --- [TestMaker] [main] j.LocalContainerEntityManagerFactoryBean : Initialized JPA EntityManagerFactory for persistence unit 'default'
2024-05-08T11:04:32.404+03:00  WARN 8264 --- [TestMaker] [main] JpaBaseConfiguration$JpaWebConfiguration : spring.jpa.open-in-view is enabled by default. Therefore, database queries may be performed during view rendering. Explicitly configure spring.jpa.open-in-view to disable this warning
2024-05-08T11:04:32.573+03:00  INFO 8264 --- [TestMaker] [main] o.s.s.web.DefaultSecurityFilterChain     : Will secure any request with [org.springframework.security.web.session.DisableEncodeUrlFilter@29767156, org.springframework.security.web.context.request.async.WebAsyncManagerIntegrationFilter@6f6998b6, org.springframework.security.web.context.SecurityContextHolderFilter@257da215, org.springframework.security.web.header.HeaderWriterFilter@3bf306d3, org.springframework.web.filter.CorsFilter@60493524, org.springframework.security.web.authentication.logout.LogoutFilter@45775a15, org.springframework.security.web.authentication.www.BasicAuthenticationFilter@71b6edfb, org.springframework.security.web.savedrequest.RequestCacheAwareFilter@f3e6876, org.springframework.security.web.servletapi.SecurityContextHolderAwareRequestFilter@52c2d1e8, org.springframework.security.web.authentication.AnonymousAuthenticationFilter@1da5635e, org.springframework.security.web.session.SessionManagementFilter@2740585b, org.springframework.security.web.access.ExceptionTranslationFilter@61c42e54, org.springframework.security.web.access.intercept.AuthorizationFilter@55159007]
2024-05-08T11:04:32.719+03:00  INFO 8264 --- [TestMaker] [main] o.s.b.w.embedded.tomcat.TomcatWebServer  : Tomcat started on port 8080 (http) with context path ''
2024-05-08T11:04:32.724+03:00  INFO 8264 --- [TestMaker] [main] c.j.t.testmaker.TestMakerApplication     : Started TestMakerApplication in 3.304 seconds (process running for 3.764)
2024-05-08T11:07:08.735+03:00  INFO 8264 --- [TestMaker] [http-nio-8080-exec-1] o.a.c.c.C.[Tomcat].[localhost].[/]       : Initializing Spring DispatcherServlet 'dispatcherServlet'
2024-05-08T11:07:08.735+03:00  INFO 8264 --- [TestMaker] [http-nio-8080-exec-1] o.s.web.servlet.DispatcherServlet        : Initializing Servlet 'dispatcherServlet'
2024-05-08T11:07:08.736+03:00  INFO 8264 --- [TestMaker] [http-nio-8080-exec-1] o.s.web.servlet.DispatcherServlet        : Completed initialization in 1 ms
2024-05-08T11:07:08.831+03:00 DEBUG 8264 --- [TestMaker] [http-nio-8080-exec-1] org.hibernate.SQL                        : select u1_0.id,u1_0.email,u1_0.nickname,u1_0.password,u1_0.role from user u1_0
2024-05-08T11:07:37.747+03:00 DEBUG 8264 --- [TestMaker] [http-nio-8080-exec-3] org.hibernate.SQL                        : select u1_0.id,u1_0.email,u1_0.nickname,u1_0.password,u1_0.role from user u1_0
2024-05-08T11:08:30.999+03:00  INFO 8264 --- [TestMaker] [SpringApplicationShutdownHook] j.LocalContainerEntityManagerFactoryBean : Closing JPA EntityManagerFactory for persistence unit 'default'
2024-05-08T11:08:31.001+03:00  INFO 8264 --- [TestMaker] [SpringApplicationShutdownHook] com.zaxxer.hikari.HikariDataSource       : HikariPool-1 - Shutdown initiated...
2024-05-08T11:08:31.008+03:00  INFO 8264 --- [TestMaker] [SpringApplicationShutdownHook] com.zaxxer.hikari.HikariDataSource       : HikariPool-1 - Shutdown completed.
2024-05-08T11:46:02.019+03:00  INFO 19396 --- [TestMaker] [main] c.j.t.testmaker.TestMakerApplication     : Starting TestMakerApplication using Java 21.0.2 with PID 19396 (C:\Users\User\Java kursai\TestMaker\target\classes started by User in C:\Users\User\Java kursai\TestMaker)
2024-05-08T11:46:02.021+03:00  INFO 19396 --- [TestMaker] [main] c.j.t.testmaker.TestMakerApplication     : No active profile set, falling back to 1 default profile: "default"
2024-05-08T11:46:02.464+03:00  INFO 19396 --- [TestMaker] [main] .s.d.r.c.RepositoryConfigurationDelegate : Bootstrapping Spring Data JPA repositories in DEFAULT mode.
2024-05-08T11:46:02.520+03:00  INFO 19396 --- [TestMaker] [main] .s.d.r.c.RepositoryConfigurationDelegate : Finished Spring Data repository scanning in 51 ms. Found 4 JPA repository interfaces.
2024-05-08T11:46:02.838+03:00  INFO 19396 --- [TestMaker] [main] o.s.b.w.embedded.tomcat.TomcatWebServer  : Tomcat initialized with port 8080 (http)
2024-05-08T11:46:02.846+03:00  INFO 19396 --- [TestMaker] [main] o.apache.catalina.core.StandardService   : Starting service [Tomcat]
2024-05-08T11:46:02.846+03:00  INFO 19396 --- [TestMaker] [main] o.apache.catalina.core.StandardEngine    : Starting Servlet engine: [Apache Tomcat/10.1.19]
2024-05-08T11:46:02.880+03:00  INFO 19396 --- [TestMaker] [main] o.a.c.c.C.[Tomcat].[localhost].[/]       : Initializing Spring embedded WebApplicationContext
2024-05-08T11:46:02.881+03:00  INFO 19396 --- [TestMaker] [main] w.s.c.ServletWebServerApplicationContext : Root WebApplicationContext: initialization completed in 834 ms
2024-05-08T11:46:02.966+03:00  INFO 19396 --- [TestMaker] [main] o.hibernate.jpa.internal.util.LogHelper  : HHH000204: Processing PersistenceUnitInfo [name: default]
2024-05-08T11:46:03.000+03:00  INFO 19396 --- [TestMaker] [main] org.hibernate.Version                    : HHH000412: Hibernate ORM core version 6.4.4.Final
2024-05-08T11:46:03.026+03:00  INFO 19396 --- [TestMaker] [main] o.h.c.internal.RegionFactoryInitiator    : HHH000026: Second-level cache disabled
2024-05-08T11:46:03.176+03:00  INFO 19396 --- [TestMaker] [main] o.s.o.j.p.SpringPersistenceUnitInfo      : No LoadTimeWeaver setup: ignoring JPA class transformer
2024-05-08T11:46:03.193+03:00  INFO 19396 --- [TestMaker] [main] com.zaxxer.hikari.HikariDataSource       : HikariPool-1 - Starting...
2024-05-08T11:46:03.401+03:00  INFO 19396 --- [TestMaker] [main] com.zaxxer.hikari.pool.HikariPool        : HikariPool-1 - Added connection com.mysql.cj.jdbc.ConnectionImpl@517fbf62
2024-05-08T11:46:03.402+03:00  INFO 19396 --- [TestMaker] [main] com.zaxxer.hikari.HikariDataSource       : HikariPool-1 - Start completed.
2024-05-08T11:46:04.094+03:00  INFO 19396 --- [TestMaker] [main] o.h.e.t.j.p.i.JtaPlatformInitiator       : HHH000489: No JTA platform available (set 'hibernate.transaction.jta.platform' to enable JTA platform integration)
2024-05-08T11:46:04.149+03:00  INFO 19396 --- [TestMaker] [main] j.LocalContainerEntityManagerFactoryBean : Initialized JPA EntityManagerFactory for persistence unit 'default'
2024-05-08T11:46:04.434+03:00  WARN 19396 --- [TestMaker] [main] JpaBaseConfiguration$JpaWebConfiguration : spring.jpa.open-in-view is enabled by default. Therefore, database queries may be performed during view rendering. Explicitly configure spring.jpa.open-in-view to disable this warning
2024-05-08T11:46:04.604+03:00  INFO 19396 --- [TestMaker] [main] o.s.s.web.DefaultSecurityFilterChain     : Will secure any request with [org.springframework.security.web.session.DisableEncodeUrlFilter@cdc09d, org.springframework.security.web.context.request.async.WebAsyncManagerIntegrationFilter@31c29db1, org.springframework.security.web.context.SecurityContextHolderFilter@2396dc4e, org.springframework.security.web.header.HeaderWriterFilter@5e0b7f58, org.springframework.web.filter.CorsFilter@751526a7, org.springframework.security.web.authentication.logout.LogoutFilter@6f6998b6, org.springframework.security.web.authentication.www.BasicAuthenticationFilter@37a0c3c6, org.springframework.security.web.savedrequest.RequestCacheAwareFilter@5825932c, org.springframework.security.web.servletapi.SecurityContextHolderAwareRequestFilter@277dddcf, org.springframework.security.web.authentication.AnonymousAuthenticationFilter@2279e7c7, org.springframework.security.web.session.SessionManagementFilter@62075e3d, org.springframework.security.web.access.ExceptionTranslationFilter@3e5febe9, org.springframework.security.web.access.intercept.AuthorizationFilter@78c91d2a]
2024-05-08T11:46:04.742+03:00  INFO 19396 --- [TestMaker] [main] o.s.b.w.embedded.tomcat.TomcatWebServer  : Tomcat started on port 8080 (http) with context path ''
2024-05-08T11:46:04.747+03:00  INFO 19396 --- [TestMaker] [main] c.j.t.testmaker.TestMakerApplication     : Started TestMakerApplication in 3.003 seconds (process running for 3.422)
2024-05-08T12:17:10.099+03:00  INFO 19396 --- [TestMaker] [SpringApplicationShutdownHook] j.LocalContainerEntityManagerFactoryBean : Closing JPA EntityManagerFactory for persistence unit 'default'
2024-05-08T12:17:10.101+03:00  INFO 19396 --- [TestMaker] [SpringApplicationShutdownHook] com.zaxxer.hikari.HikariDataSource       : HikariPool-1 - Shutdown initiated...
2024-05-08T12:17:10.107+03:00  INFO 19396 --- [TestMaker] [SpringApplicationShutdownHook] com.zaxxer.hikari.HikariDataSource       : HikariPool-1 - Shutdown completed.
2024-05-08T12:17:11.790+03:00  INFO 11320 --- [TestMaker] [main] c.j.t.testmaker.TestMakerApplication     : Starting TestMakerApplication using Java 21.0.2 with PID 11320 (C:\Users\User\Java kursai\TestMaker\target\classes started by User in C:\Users\User\Java kursai\TestMaker)
2024-05-08T12:17:11.791+03:00  INFO 11320 --- [TestMaker] [main] c.j.t.testmaker.TestMakerApplication     : No active profile set, falling back to 1 default profile: "default"
2024-05-08T12:17:12.250+03:00  INFO 11320 --- [TestMaker] [main] .s.d.r.c.RepositoryConfigurationDelegate : Bootstrapping Spring Data JPA repositories in DEFAULT mode.
2024-05-08T12:17:12.302+03:00  INFO 11320 --- [TestMaker] [main] .s.d.r.c.RepositoryConfigurationDelegate : Finished Spring Data repository scanning in 45 ms. Found 4 JPA repository interfaces.
2024-05-08T12:17:12.628+03:00  INFO 11320 --- [TestMaker] [main] o.s.b.w.embedded.tomcat.TomcatWebServer  : Tomcat initialized with port 8080 (http)
2024-05-08T12:17:12.636+03:00  INFO 11320 --- [TestMaker] [main] o.apache.catalina.core.StandardService   : Starting service [Tomcat]
2024-05-08T12:17:12.636+03:00  INFO 11320 --- [TestMaker] [main] o.apache.catalina.core.StandardEngine    : Starting Servlet engine: [Apache Tomcat/10.1.19]
2024-05-08T12:17:12.671+03:00  INFO 11320 --- [TestMaker] [main] o.a.c.c.C.[Tomcat].[localhost].[/]       : Initializing Spring embedded WebApplicationContext
2024-05-08T12:17:12.672+03:00  INFO 11320 --- [TestMaker] [main] w.s.c.ServletWebServerApplicationContext : Root WebApplicationContext: initialization completed in 852 ms
2024-05-08T12:17:12.761+03:00  INFO 11320 --- [TestMaker] [main] o.hibernate.jpa.internal.util.LogHelper  : HHH000204: Processing PersistenceUnitInfo [name: default]
2024-05-08T12:17:12.798+03:00  INFO 11320 --- [TestMaker] [main] org.hibernate.Version                    : HHH000412: Hibernate ORM core version 6.4.4.Final
2024-05-08T12:17:12.818+03:00  INFO 11320 --- [TestMaker] [main] o.h.c.internal.RegionFactoryInitiator    : HHH000026: Second-level cache disabled
2024-05-08T12:17:12.977+03:00  INFO 11320 --- [TestMaker] [main] o.s.o.j.p.SpringPersistenceUnitInfo      : No LoadTimeWeaver setup: ignoring JPA class transformer
2024-05-08T12:17:12.996+03:00  INFO 11320 --- [TestMaker] [main] com.zaxxer.hikari.HikariDataSource       : HikariPool-1 - Starting...
2024-05-08T12:17:13.205+03:00  INFO 11320 --- [TestMaker] [main] com.zaxxer.hikari.pool.HikariPool        : HikariPool-1 - Added connection com.mysql.cj.jdbc.ConnectionImpl@cae2a97
2024-05-08T12:17:13.207+03:00  INFO 11320 --- [TestMaker] [main] com.zaxxer.hikari.HikariDataSource       : HikariPool-1 - Start completed.
2024-05-08T12:17:13.915+03:00  INFO 11320 --- [TestMaker] [main] o.h.e.t.j.p.i.JtaPlatformInitiator       : HHH000489: No JTA platform available (set 'hibernate.transaction.jta.platform' to enable JTA platform integration)
2024-05-08T12:17:13.967+03:00  INFO 11320 --- [TestMaker] [main] j.LocalContainerEntityManagerFactoryBean : Initialized JPA EntityManagerFactory for persistence unit 'default'
2024-05-08T12:17:14.251+03:00  WARN 11320 --- [TestMaker] [main] JpaBaseConfiguration$JpaWebConfiguration : spring.jpa.open-in-view is enabled by default. Therefore, database queries may be performed during view rendering. Explicitly configure spring.jpa.open-in-view to disable this warning
2024-05-08T12:17:14.421+03:00  INFO 11320 --- [TestMaker] [main] o.s.s.web.DefaultSecurityFilterChain     : Will secure any request with [org.springframework.security.web.session.DisableEncodeUrlFilter@52a3eba3, org.springframework.security.web.context.request.async.WebAsyncManagerIntegrationFilter@4ed74d03, org.springframework.security.web.context.SecurityContextHolderFilter@5e0b7f58, org.springframework.security.web.header.HeaderWriterFilter@f3e6876, org.springframework.web.filter.CorsFilter@7ec729be, org.springframework.security.web.authentication.logout.LogoutFilter@6e68ccc9, org.springframework.security.web.authentication.www.BasicAuthenticationFilter@764d54a0, org.springframework.security.web.savedrequest.RequestCacheAwareFilter@5fdff4f1, org.springframework.security.web.servletapi.SecurityContextHolderAwareRequestFilter@117be84a, org.springframework.security.web.authentication.AnonymousAuthenticationFilter@4f7da3a2, org.springframework.security.web.session.SessionManagementFilter@2e7dd504, org.springframework.security.web.access.ExceptionTranslationFilter@257da215, org.springframework.security.web.access.intercept.AuthorizationFilter@29767156]
2024-05-08T12:17:14.565+03:00  INFO 11320 --- [TestMaker] [main] o.s.b.w.embedded.tomcat.TomcatWebServer  : Tomcat started on port 8080 (http) with context path ''
2024-05-08T12:17:14.570+03:00  INFO 11320 --- [TestMaker] [main] c.j.t.testmaker.TestMakerApplication     : Started TestMakerApplication in 3.062 seconds (process running for 3.491)
2024-05-08T12:17:35.151+03:00  INFO 11320 --- [TestMaker] [http-nio-8080-exec-1] o.a.c.c.C.[Tomcat].[localhost].[/]       : Initializing Spring DispatcherServlet 'dispatcherServlet'
2024-05-08T12:17:35.152+03:00  INFO 11320 --- [TestMaker] [http-nio-8080-exec-1] o.s.web.servlet.DispatcherServlet        : Initializing Servlet 'dispatcherServlet'
2024-05-08T12:17:35.152+03:00  INFO 11320 --- [TestMaker] [http-nio-8080-exec-1] o.s.web.servlet.DispatcherServlet        : Completed initialization in 0 ms
2024-05-08T14:33:45.681+03:00  INFO 11320 --- [TestMaker] [SpringApplicationShutdownHook] j.LocalContainerEntityManagerFactoryBean : Closing JPA EntityManagerFactory for persistence unit 'default'
2024-05-08T14:33:45.692+03:00  INFO 11320 --- [TestMaker] [SpringApplicationShutdownHook] com.zaxxer.hikari.HikariDataSource       : HikariPool-1 - Shutdown initiated...
2024-05-08T14:33:45.697+03:00  INFO 11320 --- [TestMaker] [SpringApplicationShutdownHook] com.zaxxer.hikari.HikariDataSource       : HikariPool-1 - Shutdown completed.
2024-05-08T14:33:48.448+03:00  INFO 19844 --- [TestMaker] [main] c.j.t.testmaker.TestMakerApplication     : Starting TestMakerApplication using Java 21.0.2 with PID 19844 (C:\Users\User\Java kursai\TestMaker\target\classes started by User in C:\Users\User\Java kursai\TestMaker)
2024-05-08T14:33:48.449+03:00  INFO 19844 --- [TestMaker] [main] c.j.t.testmaker.TestMakerApplication     : No active profile set, falling back to 1 default profile: "default"
2024-05-08T14:33:48.898+03:00  INFO 19844 --- [TestMaker] [main] .s.d.r.c.RepositoryConfigurationDelegate : Bootstrapping Spring Data JPA repositories in DEFAULT mode.
2024-05-08T14:33:48.944+03:00  INFO 19844 --- [TestMaker] [main] .s.d.r.c.RepositoryConfigurationDelegate : Finished Spring Data repository scanning in 41 ms. Found 4 JPA repository interfaces.
2024-05-08T14:33:49.281+03:00  INFO 19844 --- [TestMaker] [main] o.s.b.w.embedded.tomcat.TomcatWebServer  : Tomcat initialized with port 8080 (http)
2024-05-08T14:33:49.289+03:00  INFO 19844 --- [TestMaker] [main] o.apache.catalina.core.StandardService   : Starting service [Tomcat]
2024-05-08T14:33:49.289+03:00  INFO 19844 --- [TestMaker] [main] o.apache.catalina.core.StandardEngine    : Starting Servlet engine: [Apache Tomcat/10.1.19]
2024-05-08T14:33:49.329+03:00  INFO 19844 --- [TestMaker] [main] o.a.c.c.C.[Tomcat].[localhost].[/]       : Initializing Spring embedded WebApplicationContext
2024-05-08T14:33:49.329+03:00  INFO 19844 --- [TestMaker] [main] w.s.c.ServletWebServerApplicationContext : Root WebApplicationContext: initialization completed in 851 ms
2024-05-08T14:33:49.424+03:00  INFO 19844 --- [TestMaker] [main] o.hibernate.jpa.internal.util.LogHelper  : HHH000204: Processing PersistenceUnitInfo [name: default]
2024-05-08T14:33:49.474+03:00  INFO 19844 --- [TestMaker] [main] org.hibernate.Version                    : HHH000412: Hibernate ORM core version 6.4.4.Final
2024-05-08T14:33:49.506+03:00  INFO 19844 --- [TestMaker] [main] o.h.c.internal.RegionFactoryInitiator    : HHH000026: Second-level cache disabled
2024-05-08T14:33:49.684+03:00  INFO 19844 --- [TestMaker] [main] o.s.o.j.p.SpringPersistenceUnitInfo      : No LoadTimeWeaver setup: ignoring JPA class transformer
2024-05-08T14:33:49.704+03:00  INFO 19844 --- [TestMaker] [main] com.zaxxer.hikari.HikariDataSource       : HikariPool-1 - Starting...
2024-05-08T14:33:49.958+03:00  INFO 19844 --- [TestMaker] [main] com.zaxxer.hikari.pool.HikariPool        : HikariPool-1 - Added connection com.mysql.cj.jdbc.ConnectionImpl@517fbf62
2024-05-08T14:33:49.959+03:00  INFO 19844 --- [TestMaker] [main] com.zaxxer.hikari.HikariDataSource       : HikariPool-1 - Start completed.
2024-05-08T14:33:50.725+03:00  INFO 19844 --- [TestMaker] [main] o.h.e.t.j.p.i.JtaPlatformInitiator       : HHH000489: No JTA platform available (set 'hibernate.transaction.jta.platform' to enable JTA platform integration)
2024-05-08T14:33:50.781+03:00  INFO 19844 --- [TestMaker] [main] j.LocalContainerEntityManagerFactoryBean : Initialized JPA EntityManagerFactory for persistence unit 'default'
2024-05-08T14:33:51.075+03:00  WARN 19844 --- [TestMaker] [main] JpaBaseConfiguration$JpaWebConfiguration : spring.jpa.open-in-view is enabled by default. Therefore, database queries may be performed during view rendering. Explicitly configure spring.jpa.open-in-view to disable this warning
2024-05-08T14:33:51.260+03:00  INFO 19844 --- [TestMaker] [main] o.s.s.web.DefaultSecurityFilterChain     : Will secure any request with [org.springframework.security.web.session.DisableEncodeUrlFilter@cdc09d, org.springframework.security.web.context.request.async.WebAsyncManagerIntegrationFilter@31c29db1, org.springframework.security.web.context.SecurityContextHolderFilter@2396dc4e, org.springframework.security.web.header.HeaderWriterFilter@5e0b7f58, org.springframework.web.filter.CorsFilter@751526a7, org.springframework.security.web.authentication.logout.LogoutFilter@6f6998b6, org.springframework.security.web.authentication.www.BasicAuthenticationFilter@37a0c3c6, org.springframework.security.web.savedrequest.RequestCacheAwareFilter@5825932c, org.springframework.security.web.servletapi.SecurityContextHolderAwareRequestFilter@277dddcf, org.springframework.security.web.authentication.AnonymousAuthenticationFilter@2279e7c7, org.springframework.security.web.session.SessionManagementFilter@62075e3d, org.springframework.security.web.access.ExceptionTranslationFilter@3e5febe9, org.springframework.security.web.access.intercept.AuthorizationFilter@78c91d2a]
2024-05-08T14:33:51.410+03:00  INFO 19844 --- [TestMaker] [main] o.s.b.w.embedded.tomcat.TomcatWebServer  : Tomcat started on port 8080 (http) with context path ''
2024-05-08T14:33:51.415+03:00  INFO 19844 --- [TestMaker] [main] c.j.t.testmaker.TestMakerApplication     : Started TestMakerApplication in 3.254 seconds (process running for 3.692)
2024-05-08T14:33:52.566+03:00  INFO 19844 --- [TestMaker] [http-nio-8080-exec-1] o.a.c.c.C.[Tomcat].[localhost].[/]       : Initializing Spring DispatcherServlet 'dispatcherServlet'
2024-05-08T14:33:52.566+03:00  INFO 19844 --- [TestMaker] [http-nio-8080-exec-1] o.s.web.servlet.DispatcherServlet        : Initializing Servlet 'dispatcherServlet'
2024-05-08T14:33:52.567+03:00  INFO 19844 --- [TestMaker] [http-nio-8080-exec-1] o.s.web.servlet.DispatcherServlet        : Completed initialization in 1 ms
2024-05-08T14:42:02.401+03:00  INFO 19844 --- [TestMaker] [SpringApplicationShutdownHook] j.LocalContainerEntityManagerFactoryBean : Closing JPA EntityManagerFactory for persistence unit 'default'
2024-05-08T14:42:02.403+03:00  INFO 19844 --- [TestMaker] [SpringApplicationShutdownHook] com.zaxxer.hikari.HikariDataSource       : HikariPool-1 - Shutdown initiated...
2024-05-08T14:42:02.407+03:00  INFO 19844 --- [TestMaker] [SpringApplicationShutdownHook] com.zaxxer.hikari.HikariDataSource       : HikariPool-1 - Shutdown completed.
2024-05-08T14:42:05.087+03:00  INFO 9292 --- [TestMaker] [main] c.j.t.testmaker.TestMakerApplication     : Starting TestMakerApplication using Java 21.0.2 with PID 9292 (C:\Users\User\Java kursai\TestMaker\target\classes started by User in C:\Users\User\Java kursai\TestMaker)
2024-05-08T14:42:05.088+03:00  INFO 9292 --- [TestMaker] [main] c.j.t.testmaker.TestMakerApplication     : No active profile set, falling back to 1 default profile: "default"
2024-05-08T14:42:05.528+03:00  INFO 9292 --- [TestMaker] [main] .s.d.r.c.RepositoryConfigurationDelegate : Bootstrapping Spring Data JPA repositories in DEFAULT mode.
2024-05-08T14:42:05.574+03:00  INFO 9292 --- [TestMaker] [main] .s.d.r.c.RepositoryConfigurationDelegate : Finished Spring Data repository scanning in 41 ms. Found 4 JPA repository interfaces.
2024-05-08T14:42:05.895+03:00  INFO 9292 --- [TestMaker] [main] o.s.b.w.embedded.tomcat.TomcatWebServer  : Tomcat initialized with port 8080 (http)
2024-05-08T14:42:05.902+03:00  INFO 9292 --- [TestMaker] [main] o.apache.catalina.core.StandardService   : Starting service [Tomcat]
2024-05-08T14:42:05.903+03:00  INFO 9292 --- [TestMaker] [main] o.apache.catalina.core.StandardEngine    : Starting Servlet engine: [Apache Tomcat/10.1.19]
2024-05-08T14:42:05.936+03:00  INFO 9292 --- [TestMaker] [main] o.a.c.c.C.[Tomcat].[localhost].[/]       : Initializing Spring embedded WebApplicationContext
2024-05-08T14:42:05.936+03:00  INFO 9292 --- [TestMaker] [main] w.s.c.ServletWebServerApplicationContext : Root WebApplicationContext: initialization completed in 820 ms
2024-05-08T14:42:06.023+03:00  INFO 9292 --- [TestMaker] [main] o.hibernate.jpa.internal.util.LogHelper  : HHH000204: Processing PersistenceUnitInfo [name: default]
2024-05-08T14:42:06.059+03:00  INFO 9292 --- [TestMaker] [main] org.hibernate.Version                    : HHH000412: Hibernate ORM core version 6.4.4.Final
2024-05-08T14:42:06.079+03:00  INFO 9292 --- [TestMaker] [main] o.h.c.internal.RegionFactoryInitiator    : HHH000026: Second-level cache disabled
2024-05-08T14:42:06.248+03:00  INFO 9292 --- [TestMaker] [main] o.s.o.j.p.SpringPersistenceUnitInfo      : No LoadTimeWeaver setup: ignoring JPA class transformer
2024-05-08T14:42:06.266+03:00  INFO 9292 --- [TestMaker] [main] com.zaxxer.hikari.HikariDataSource       : HikariPool-1 - Starting...
2024-05-08T14:42:06.522+03:00  INFO 9292 --- [TestMaker] [main] com.zaxxer.hikari.pool.HikariPool        : HikariPool-1 - Added connection com.mysql.cj.jdbc.ConnectionImpl@4fa8bebb
2024-05-08T14:42:06.524+03:00  INFO 9292 --- [TestMaker] [main] com.zaxxer.hikari.HikariDataSource       : HikariPool-1 - Start completed.
2024-05-08T14:42:07.217+03:00  INFO 9292 --- [TestMaker] [main] o.h.e.t.j.p.i.JtaPlatformInitiator       : HHH000489: No JTA platform available (set 'hibernate.transaction.jta.platform' to enable JTA platform integration)
2024-05-08T14:42:07.269+03:00  INFO 9292 --- [TestMaker] [main] j.LocalContainerEntityManagerFactoryBean : Initialized JPA EntityManagerFactory for persistence unit 'default'
2024-05-08T14:42:07.549+03:00  WARN 9292 --- [TestMaker] [main] JpaBaseConfiguration$JpaWebConfiguration : spring.jpa.open-in-view is enabled by default. Therefore, database queries may be performed during view rendering. Explicitly configure spring.jpa.open-in-view to disable this warning
2024-05-08T14:42:07.741+03:00  INFO 9292 --- [TestMaker] [main] o.s.s.web.DefaultSecurityFilterChain     : Will secure any request with [org.springframework.security.web.session.DisableEncodeUrlFilter@2c6553c6, org.springframework.security.web.context.request.async.WebAsyncManagerIntegrationFilter@59ac60d1, org.springframework.security.web.context.SecurityContextHolderFilter@19f9404d, org.springframework.security.web.header.HeaderWriterFilter@771ede0d, org.springframework.web.filter.CorsFilter@1503f434, org.springframework.security.web.authentication.logout.LogoutFilter@401b7226, org.springframework.security.web.authentication.www.BasicAuthenticationFilter@35a81281, org.springframework.security.web.savedrequest.RequestCacheAwareFilter@171b0d3, org.springframework.security.web.servletapi.SecurityContextHolderAwareRequestFilter@63d43a5, org.springframework.security.web.authentication.AnonymousAuthenticationFilter@7c8cea05, org.springframework.security.web.session.SessionManagementFilter@79169472, org.springframework.security.web.access.ExceptionTranslationFilter@16718e1b, org.springframework.security.web.access.intercept.AuthorizationFilter@130ad58d]
2024-05-08T14:42:07.886+03:00  INFO 9292 --- [TestMaker] [main] o.s.b.w.embedded.tomcat.TomcatWebServer  : Tomcat started on port 8080 (http) with context path ''
2024-05-08T14:42:07.891+03:00  INFO 9292 --- [TestMaker] [main] c.j.t.testmaker.TestMakerApplication     : Started TestMakerApplication in 3.079 seconds (process running for 3.471)
2024-05-08T14:42:07.972+03:00 DEBUG 9292 --- [TestMaker] [main] org.hibernate.SQL                        : select u1_0.id,u1_0.email,u1_0.nickname,u1_0.password,u1_0.role from user u1_0
2024-05-08T14:42:08.065+03:00  INFO 9292 --- [TestMaker] [main] .s.b.a.l.ConditionEvaluationReportLogger : 

Error starting ApplicationContext. To display the condition evaluation report re-run your application with 'debug' enabled.
2024-05-08T14:42:08.078+03:00 ERROR 9292 --- [TestMaker] [main] o.s.boot.SpringApplication               : Application run failed

jakarta.validation.ConstraintViolationException: Validation failed for classes [ca.javau9.thyme.testmaker.model.User] during persist time for groups [jakarta.validation.groups.Default, ]
List of constraint violations:[
	ConstraintViolationImpl{interpolatedMessage='Invalid email format', propertyPath=email, rootBeanClass=class ca.javau9.thyme.testmaker.model.User, messageTemplate='Invalid email format'}
]
	at org.hibernate.boot.beanvalidation.BeanValidationEventListener.validate(BeanValidationEventListener.java:151) ~[hibernate-core-6.4.4.Final.jar:6.4.4.Final]
	at org.hibernate.boot.beanvalidation.BeanValidationEventListener.onPreInsert(BeanValidationEventListener.java:81) ~[hibernate-core-6.4.4.Final.jar:6.4.4.Final]
	at org.hibernate.action.internal.EntityIdentityInsertAction.preInsert(EntityIdentityInsertAction.java:186) ~[hibernate-core-6.4.4.Final.jar:6.4.4.Final]
	at org.hibernate.action.internal.EntityIdentityInsertAction.execute(EntityIdentityInsertAction.java:75) ~[hibernate-core-6.4.4.Final.jar:6.4.4.Final]
	at org.hibernate.engine.spi.ActionQueue.execute(ActionQueue.java:670) ~[hibernate-core-6.4.4.Final.jar:6.4.4.Final]
	at org.hibernate.engine.spi.ActionQueue.addResolvedEntityInsertAction(ActionQueue.java:291) ~[hibernate-core-6.4.4.Final.jar:6.4.4.Final]
	at org.hibernate.engine.spi.ActionQueue.addInsertAction(ActionQueue.java:272) ~[hibernate-core-6.4.4.Final.jar:6.4.4.Final]
	at org.hibernate.engine.spi.ActionQueue.addAction(ActionQueue.java:322) ~[hibernate-core-6.4.4.Final.jar:6.4.4.Final]
	at org.hibernate.event.internal.AbstractSaveEventListener.addInsertAction(AbstractSaveEventListener.java:386) ~[hibernate-core-6.4.4.Final.jar:6.4.4.Final]
	at org.hibernate.event.internal.AbstractSaveEventListener.performSaveOrReplicate(AbstractSaveEventListener.java:300) ~[hibernate-core-6.4.4.Final.jar:6.4.4.Final]
	at org.hibernate.event.internal.AbstractSaveEventListener.performSave(AbstractSaveEventListener.java:219) ~[hibernate-core-6.4.4.Final.jar:6.4.4.Final]
	at org.hibernate.event.internal.AbstractSaveEventListener.saveWithGeneratedId(AbstractSaveEventListener.java:134) ~[hibernate-core-6.4.4.Final.jar:6.4.4.Final]
	at org.hibernate.event.internal.DefaultPersistEventListener.entityIsTransient(DefaultPersistEventListener.java:175) ~[hibernate-core-6.4.4.Final.jar:6.4.4.Final]
	at org.hibernate.event.internal.DefaultPersistEventListener.persist(DefaultPersistEventListener.java:93) ~[hibernate-core-6.4.4.Final.jar:6.4.4.Final]
	at org.hibernate.event.internal.DefaultPersistEventListener.onPersist(DefaultPersistEventListener.java:77) ~[hibernate-core-6.4.4.Final.jar:6.4.4.Final]
	at org.hibernate.event.internal.DefaultPersistEventListener.onPersist(DefaultPersistEventListener.java:54) ~[hibernate-core-6.4.4.Final.jar:6.4.4.Final]
	at org.hibernate.event.service.internal.EventListenerGroupImpl.fireEventOnEachListener(EventListenerGroupImpl.java:127) ~[hibernate-core-6.4.4.Final.jar:6.4.4.Final]
	at org.hibernate.internal.SessionImpl.firePersist(SessionImpl.java:754) ~[hibernate-core-6.4.4.Final.jar:6.4.4.Final]
	at org.hibernate.internal.SessionImpl.persist(SessionImpl.java:738) ~[hibernate-core-6.4.4.Final.jar:6.4.4.Final]
	at java.base/jdk.internal.reflect.DirectMethodHandleAccessor.invoke(DirectMethodHandleAccessor.java:103) ~[na:na]
	at java.base/java.lang.reflect.Method.invoke(Method.java:580) ~[na:na]
	at org.springframework.orm.jpa.SharedEntityManagerCreator$SharedEntityManagerInvocationHandler.invoke(SharedEntityManagerCreator.java:319) ~[spring-orm-6.1.5.jar:6.1.5]
	at jdk.proxy2/jdk.proxy2.$Proxy117.persist(Unknown Source) ~[na:na]
	at org.springframework.data.jpa.repository.support.SimpleJpaRepository.save(SimpleJpaRepository.java:618) ~[spring-data-jpa-3.2.4.jar:3.2.4]
	at java.base/jdk.internal.reflect.DirectMethodHandleAccessor.invoke(DirectMethodHandleAccessor.java:103) ~[na:na]
	at java.base/java.lang.reflect.Method.invoke(Method.java:580) ~[na:na]
	at org.springframework.aop.support.AopUtils.invokeJoinpointUsingReflection(AopUtils.java:351) ~[spring-aop-6.1.5.jar:6.1.5]
	at org.springframework.data.repository.core.support.RepositoryMethodInvoker$RepositoryFragmentMethodInvoker.lambda$new$0(RepositoryMethodInvoker.java:277) ~[spring-data-commons-3.2.4.jar:3.2.4]
	at org.springframework.data.repository.core.support.RepositoryMethodInvoker.doInvoke(RepositoryMethodInvoker.java:170) ~[spring-data-commons-3.2.4.jar:3.2.4]
	at org.springframework.data.repository.core.support.RepositoryMethodInvoker.invoke(RepositoryMethodInvoker.java:158) ~[spring-data-commons-3.2.4.jar:3.2.4]
	at org.springframework.data.repository.core.support.RepositoryComposition$RepositoryFragments.invoke(RepositoryComposition.java:516) ~[spring-data-commons-3.2.4.jar:3.2.4]
	at org.springframework.data.repository.core.support.RepositoryComposition.invoke(RepositoryComposition.java:285) ~[spring-data-commons-3.2.4.jar:3.2.4]
	at org.springframework.data.repository.core.support.RepositoryFactorySupport$ImplementationMethodExecutionInterceptor.invoke(RepositoryFactorySupport.java:628) ~[spring-data-commons-3.2.4.jar:3.2.4]
	at org.springframework.aop.framework.ReflectiveMethodInvocation.proceed(ReflectiveMethodInvocation.java:184) ~[spring-aop-6.1.5.jar:6.1.5]
	at org.springframework.data.repository.core.support.QueryExecutorMethodInterceptor.doInvoke(QueryExecutorMethodInterceptor.java:168) ~[spring-data-commons-3.2.4.jar:3.2.4]
	at org.springframework.data.repository.core.support.QueryExecutorMethodInterceptor.invoke(QueryExecutorMethodInterceptor.java:143) ~[spring-data-commons-3.2.4.jar:3.2.4]
	at org.springframework.aop.framework.ReflectiveMethodInvocation.proceed(ReflectiveMethodInvocation.java:184) ~[spring-aop-6.1.5.jar:6.1.5]
	at org.springframework.data.projection.DefaultMethodInvokingMethodInterceptor.invoke(DefaultMethodInvokingMethodInterceptor.java:70) ~[spring-data-commons-3.2.4.jar:3.2.4]
	at org.springframework.aop.framework.ReflectiveMethodInvocation.proceed(ReflectiveMethodInvocation.java:184) ~[spring-aop-6.1.5.jar:6.1.5]
	at org.springframework.transaction.interceptor.TransactionInterceptor$1.proceedWithInvocation(TransactionInterceptor.java:123) ~[spring-tx-6.1.5.jar:6.1.5]
	at org.springframework.transaction.interceptor.TransactionAspectSupport.invokeWithinTransaction(TransactionAspectSupport.java:392) ~[spring-tx-6.1.5.jar:6.1.5]
	at org.springframework.transaction.interceptor.TransactionInterceptor.invoke(TransactionInterceptor.java:119) ~[spring-tx-6.1.5.jar:6.1.5]
	at org.springframework.aop.framework.ReflectiveMethodInvocation.proceed(ReflectiveMethodInvocation.java:184) ~[spring-aop-6.1.5.jar:6.1.5]
	at org.springframework.dao.support.PersistenceExceptionTranslationInterceptor.invoke(PersistenceExceptionTranslationInterceptor.java:137) ~[spring-tx-6.1.5.jar:6.1.5]
	at org.springframework.aop.framework.ReflectiveMethodInvocation.proceed(ReflectiveMethodInvocation.java:184) ~[spring-aop-6.1.5.jar:6.1.5]
	at org.springframework.data.jpa.repository.support.CrudMethodMetadataPostProcessor$CrudMethodMetadataPopulatingMethodInterceptor.invoke(CrudMethodMetadataPostProcessor.java:164) ~[spring-data-jpa-3.2.4.jar:3.2.4]
	at org.springframework.aop.framework.ReflectiveMethodInvocation.proceed(ReflectiveMethodInvocation.java:184) ~[spring-aop-6.1.5.jar:6.1.5]
	at org.springframework.aop.interceptor.ExposeInvocationInterceptor.invoke(ExposeInvocationInterceptor.java:97) ~[spring-aop-6.1.5.jar:6.1.5]
	at org.springframework.aop.framework.ReflectiveMethodInvocation.proceed(ReflectiveMethodInvocation.java:184) ~[spring-aop-6.1.5.jar:6.1.5]
	at org.springframework.aop.framework.JdkDynamicAopProxy.invoke(JdkDynamicAopProxy.java:220) ~[spring-aop-6.1.5.jar:6.1.5]
	at jdk.proxy2/jdk.proxy2.$Proxy121.save(Unknown Source) ~[na:na]
	at ca.javau9.thyme.testmaker.service.impl.UserServiceImpl.saveUser(UserServiceImpl.java:31) ~[classes/:na]
	at java.base/java.util.Arrays$ArrayList.forEach(Arrays.java:4305) ~[na:na]
	at ca.javau9.thyme.testmaker.runner.DatabaseInitializer.run(DatabaseInitializer.java:26) ~[classes/:na]
	at org.springframework.boot.SpringApplication.lambda$callRunner$5(SpringApplication.java:790) ~[spring-boot-3.2.4.jar:3.2.4]
	at org.springframework.util.function.ThrowingConsumer$1.acceptWithException(ThrowingConsumer.java:83) ~[spring-core-6.1.5.jar:6.1.5]
	at org.springframework.util.function.ThrowingConsumer.accept(ThrowingConsumer.java:60) ~[spring-core-6.1.5.jar:6.1.5]
	at org.springframework.util.function.ThrowingConsumer$1.accept(ThrowingConsumer.java:88) ~[spring-core-6.1.5.jar:6.1.5]
	at org.springframework.boot.SpringApplication.callRunner(SpringApplication.java:798) ~[spring-boot-3.2.4.jar:3.2.4]
	at org.springframework.boot.SpringApplication.callRunner(SpringApplication.java:789) ~[spring-boot-3.2.4.jar:3.2.4]
	at org.springframework.boot.SpringApplication.lambda$callRunners$3(SpringApplication.java:774) ~[spring-boot-3.2.4.jar:3.2.4]
	at java.base/java.util.stream.ForEachOps$ForEachOp$OfRef.accept(ForEachOps.java:184) ~[na:na]
	at java.base/java.util.stream.SortedOps$SizedRefSortingSink.end(SortedOps.java:357) ~[na:na]
	at java.base/java.util.stream.AbstractPipeline.copyInto(AbstractPipeline.java:510) ~[na:na]
	at java.base/java.util.stream.AbstractPipeline.wrapAndCopyInto(AbstractPipeline.java:499) ~[na:na]
	at java.base/java.util.stream.ForEachOps$ForEachOp.evaluateSequential(ForEachOps.java:151) ~[na:na]
	at java.base/java.util.stream.ForEachOps$ForEachOp$OfRef.evaluateSequential(ForEachOps.java:174) ~[na:na]
	at java.base/java.util.stream.AbstractPipeline.evaluate(AbstractPipeline.java:234) ~[na:na]
	at java.base/java.util.stream.ReferencePipeline.forEach(ReferencePipeline.java:596) ~[na:na]
	at org.springframework.boot.SpringApplication.callRunners(SpringApplication.java:774) ~[spring-boot-3.2.4.jar:3.2.4]
	at org.springframework.boot.SpringApplication.run(SpringApplication.java:341) ~[spring-boot-3.2.4.jar:3.2.4]
	at org.springframework.boot.SpringApplication.run(SpringApplication.java:1354) ~[spring-boot-3.2.4.jar:3.2.4]
	at org.springframework.boot.SpringApplication.run(SpringApplication.java:1343) ~[spring-boot-3.2.4.jar:3.2.4]
	at ca.javau9.thyme.testmaker.TestMakerApplication.main(TestMakerApplication.java:10) ~[classes/:na]

2024-05-08T14:42:08.087+03:00  INFO 9292 --- [TestMaker] [main] j.LocalContainerEntityManagerFactoryBean : Closing JPA EntityManagerFactory for persistence unit 'default'
2024-05-08T14:42:08.089+03:00  INFO 9292 --- [TestMaker] [main] com.zaxxer.hikari.HikariDataSource       : HikariPool-1 - Shutdown initiated...
2024-05-08T14:42:08.094+03:00  INFO 9292 --- [TestMaker] [main] com.zaxxer.hikari.HikariDataSource       : HikariPool-1 - Shutdown completed.
2024-05-08T14:53:39.213+03:00  INFO 10156 --- [TestMaker] [main] c.j.t.testmaker.TestMakerApplication     : Starting TestMakerApplication using Java 21.0.2 with PID 10156 (C:\Users\User\Java kursai\TestMaker\target\classes started by User in C:\Users\User\Java kursai\TestMaker)
2024-05-08T14:53:39.215+03:00  INFO 10156 --- [TestMaker] [main] c.j.t.testmaker.TestMakerApplication     : No active profile set, falling back to 1 default profile: "default"
2024-05-08T14:53:39.657+03:00  INFO 10156 --- [TestMaker] [main] .s.d.r.c.RepositoryConfigurationDelegate : Bootstrapping Spring Data JPA repositories in DEFAULT mode.
2024-05-08T14:53:39.709+03:00  INFO 10156 --- [TestMaker] [main] .s.d.r.c.RepositoryConfigurationDelegate : Finished Spring Data repository scanning in 46 ms. Found 4 JPA repository interfaces.
2024-05-08T14:53:40.038+03:00  INFO 10156 --- [TestMaker] [main] o.s.b.w.embedded.tomcat.TomcatWebServer  : Tomcat initialized with port 8080 (http)
2024-05-08T14:53:40.045+03:00  INFO 10156 --- [TestMaker] [main] o.apache.catalina.core.StandardService   : Starting service [Tomcat]
2024-05-08T14:53:40.045+03:00  INFO 10156 --- [TestMaker] [main] o.apache.catalina.core.StandardEngine    : Starting Servlet engine: [Apache Tomcat/10.1.19]
2024-05-08T14:53:40.080+03:00  INFO 10156 --- [TestMaker] [main] o.a.c.c.C.[Tomcat].[localhost].[/]       : Initializing Spring embedded WebApplicationContext
2024-05-08T14:53:40.080+03:00  INFO 10156 --- [TestMaker] [main] w.s.c.ServletWebServerApplicationContext : Root WebApplicationContext: initialization completed in 838 ms
2024-05-08T14:53:40.168+03:00  INFO 10156 --- [TestMaker] [main] o.hibernate.jpa.internal.util.LogHelper  : HHH000204: Processing PersistenceUnitInfo [name: default]
2024-05-08T14:53:40.205+03:00  INFO 10156 --- [TestMaker] [main] org.hibernate.Version                    : HHH000412: Hibernate ORM core version 6.4.4.Final
2024-05-08T14:53:40.229+03:00  INFO 10156 --- [TestMaker] [main] o.h.c.internal.RegionFactoryInitiator    : HHH000026: Second-level cache disabled
2024-05-08T14:53:40.382+03:00  INFO 10156 --- [TestMaker] [main] o.s.o.j.p.SpringPersistenceUnitInfo      : No LoadTimeWeaver setup: ignoring JPA class transformer
2024-05-08T14:53:40.400+03:00  INFO 10156 --- [TestMaker] [main] com.zaxxer.hikari.HikariDataSource       : HikariPool-1 - Starting...
2024-05-08T14:53:40.605+03:00  INFO 10156 --- [TestMaker] [main] com.zaxxer.hikari.pool.HikariPool        : HikariPool-1 - Added connection com.mysql.cj.jdbc.ConnectionImpl@7ff09659
2024-05-08T14:53:40.606+03:00  INFO 10156 --- [TestMaker] [main] com.zaxxer.hikari.HikariDataSource       : HikariPool-1 - Start completed.
2024-05-08T14:53:41.295+03:00  INFO 10156 --- [TestMaker] [main] o.h.e.t.j.p.i.JtaPlatformInitiator       : HHH000489: No JTA platform available (set 'hibernate.transaction.jta.platform' to enable JTA platform integration)
2024-05-08T14:53:41.326+03:00 DEBUG 10156 --- [TestMaker] [main] org.hibernate.SQL                        : create table users (id bigint not null auto_increment, email varchar(255), name varchar(255), password varchar(255), role varchar(255), username varchar(255), primary key (id)) engine=InnoDB
2024-05-08T14:53:41.359+03:00 DEBUG 10156 --- [TestMaker] [main] org.hibernate.SQL                        : alter table users drop index UKr43af9ap4edm43mmtq01oddj6
2024-05-08T14:53:41.383+03:00 DEBUG 10156 --- [TestMaker] [main] org.hibernate.SQL                        : alter table users add constraint UKr43af9ap4edm43mmtq01oddj6 unique (username)
2024-05-08T14:53:41.404+03:00 DEBUG 10156 --- [TestMaker] [main] org.hibernate.SQL                        : alter table users drop index UK6dotkott2kjsp8vw4d0m25fb7
2024-05-08T14:53:41.405+03:00 DEBUG 10156 --- [TestMaker] [main] org.hibernate.SQL                        : alter table users add constraint UK6dotkott2kjsp8vw4d0m25fb7 unique (email)
2024-05-08T14:53:41.443+03:00 DEBUG 10156 --- [TestMaker] [main] org.hibernate.SQL                        : alter table test add constraint FKdug99c3uufjv7wedmlt9euews foreign key (user_id) references users (id)
2024-05-08T14:53:41.511+03:00  INFO 10156 --- [TestMaker] [main] j.LocalContainerEntityManagerFactoryBean : Initialized JPA EntityManagerFactory for persistence unit 'default'
2024-05-08T14:53:41.799+03:00  WARN 10156 --- [TestMaker] [main] JpaBaseConfiguration$JpaWebConfiguration : spring.jpa.open-in-view is enabled by default. Therefore, database queries may be performed during view rendering. Explicitly configure spring.jpa.open-in-view to disable this warning
2024-05-08T14:53:41.968+03:00  INFO 10156 --- [TestMaker] [main] o.s.s.web.DefaultSecurityFilterChain     : Will secure any request with [org.springframework.security.web.session.DisableEncodeUrlFilter@7305191e, org.springframework.security.web.context.request.async.WebAsyncManagerIntegrationFilter@159314ca, org.springframework.security.web.context.SecurityContextHolderFilter@1da5635e, org.springframework.security.web.header.HeaderWriterFilter@63e4bbf9, org.springframework.web.filter.CorsFilter@bafc754, org.springframework.security.web.authentication.logout.LogoutFilter@751526a7, org.springframework.security.web.authentication.www.BasicAuthenticationFilter@342a5b57, org.springframework.security.web.savedrequest.RequestCacheAwareFilter@24ccc91b, org.springframework.security.web.servletapi.SecurityContextHolderAwareRequestFilter@d0538b3, org.springframework.security.web.authentication.AnonymousAuthenticationFilter@5e8684a3, org.springframework.security.web.session.SessionManagementFilter@29767156, org.springframework.security.web.access.ExceptionTranslationFilter@6e68ccc9, org.springframework.security.web.access.intercept.AuthorizationFilter@518ed9b4]
2024-05-08T14:53:42.109+03:00  INFO 10156 --- [TestMaker] [main] o.s.b.w.embedded.tomcat.TomcatWebServer  : Tomcat started on port 8080 (http) with context path ''
2024-05-08T14:53:42.113+03:00  INFO 10156 --- [TestMaker] [main] c.j.t.testmaker.TestMakerApplication     : Started TestMakerApplication in 3.178 seconds (process running for 3.58)
2024-05-08T14:53:42.180+03:00 DEBUG 10156 --- [TestMaker] [main] org.hibernate.SQL                        : select u1_0.id,u1_0.email,u1_0.name,u1_0.password,u1_0.role,u1_0.username from users u1_0
2024-05-08T14:53:42.259+03:00 DEBUG 10156 --- [TestMaker] [main] org.hibernate.SQL                        : insert into users (email,name,password,role,username) values (?,?,?,?,?)
2024-05-08T14:53:42.331+03:00 DEBUG 10156 --- [TestMaker] [main] org.hibernate.SQL                        : insert into users (email,name,password,role,username) values (?,?,?,?,?)
2024-05-08T14:53:42.337+03:00  INFO 10156 --- [TestMaker] [main] c.j.t.t.runner.DatabaseInitializer       : Database initialized
2024-05-08T14:57:49.885+03:00  INFO 10156 --- [TestMaker] [http-nio-8080-exec-1] o.a.c.c.C.[Tomcat].[localhost].[/]       : Initializing Spring DispatcherServlet 'dispatcherServlet'
2024-05-08T14:57:49.885+03:00  INFO 10156 --- [TestMaker] [http-nio-8080-exec-1] o.s.web.servlet.DispatcherServlet        : Initializing Servlet 'dispatcherServlet'
2024-05-08T14:57:49.886+03:00  INFO 10156 --- [TestMaker] [http-nio-8080-exec-1] o.s.web.servlet.DispatcherServlet        : Completed initialization in 1 ms
2024-05-08T14:57:49.920+03:00 DEBUG 10156 --- [TestMaker] [http-nio-8080-exec-1] org.hibernate.SQL                        : select u1_0.id,u1_0.email,u1_0.name,u1_0.password,u1_0.role,u1_0.username from users u1_0
2024-05-08T14:58:13.932+03:00 DEBUG 10156 --- [TestMaker] [http-nio-8080-exec-5] org.hibernate.SQL                        : select u1_0.id,u1_0.email,u1_0.name,u1_0.password,u1_0.role,u1_0.username from users u1_0
2024-05-08T14:58:16.530+03:00 DEBUG 10156 --- [TestMaker] [http-nio-8080-exec-7] org.hibernate.SQL                        : select u1_0.id,u1_0.email,u1_0.name,u1_0.password,u1_0.role,u1_0.username from users u1_0
2024-05-08T14:58:36.150+03:00 DEBUG 10156 --- [TestMaker] [http-nio-8080-exec-2] org.hibernate.SQL                        : select u1_0.id,u1_0.email,u1_0.name,u1_0.password,u1_0.role,u1_0.username from users u1_0
2024-05-08T15:00:20.904+03:00 DEBUG 10156 --- [TestMaker] [http-nio-8080-exec-1] org.hibernate.SQL                        : select u1_0.id,u1_0.email,u1_0.name,u1_0.password,u1_0.role,u1_0.username from users u1_0
2024-05-08T15:00:25.337+03:00 DEBUG 10156 --- [TestMaker] [http-nio-8080-exec-3] org.hibernate.SQL                        : select u1_0.id,u1_0.email,u1_0.name,u1_0.password,u1_0.role,u1_0.username from users u1_0
2024-05-08T15:01:22.965+03:00 DEBUG 10156 --- [TestMaker] [http-nio-8080-exec-7] org.hibernate.SQL                        : select u1_0.id,u1_0.email,u1_0.name,u1_0.password,u1_0.role,u1_0.username from users u1_0
